
> apollo-backend@1.0.0 dev
> APOS_EXTERNAL_FRONT_KEY=dev nodemon

[33m[nodemon] 3.1.10[39m
[33m[nodemon] reading config ./package.json[39m
[33m[nodemon] to restart at any time, enter `rs`[39m
[33m[nodemon] or send SIGHUP to 4229 to restart[39m
[33m[nodemon] ignoring: .git **/ui/apos/**/* **/ui/src/**/* **ui/public/**/* locales/*.json ./public/uploads/**/* public/apos-frontend/*.js ./data/**/*[39m
[33m[nodemon] watching path(s): app.js modules/**/* lib/**/*.js views/**/*.html[39m
[33m[nodemon] watching extensions: json,js,html,scss,vue[39m
[32m[nodemon] starting `node app.js`[39m
[33m[nodemon] forking[39m
[33m[nodemon] child pid: 4231[39m
[33m[nodemon] watching 50 files[39m
This warning appears only once to save space. Pass --all-orphan-modules
on the command line to see the warning for all cases.

🧑‍💻 Building the Public-facing modern JavaScript and Sass...
vite v6.3.5 building for development...
transforming...
✓ 9 modules transformed.
rendering chunks...
computing gzip size...
dist/.public/manifest.json    0.17 kB │ gzip: 0.13 kB
dist/assets/src-D-vTsRsk.css  0.04 kB │ gzip: 0.06 kB
dist/src-build.js             9.70 kB │ gzip: 3.90 kB
✓ built in 609ms
👍 Public-facing modern JavaScript and Sass is complete!
[31m[nodemon] app crashed - waiting for file changes before starting...[39m
